2015-11-25 13:47:51.331  INFO 1056 [main] --- com.autonavi.shanghai.redisdemo.App      [StartupInfoLogger.java:48] : Starting App on ZHAOWENBO-PC with PID 1056 (D:\GitRepository\redis-demo\redis-demo\target\classes started by ouyangchen in D:\GitRepository\redis-demo\redis-demo)
2015-11-25 13:47:51.416 DEBUG 1056 [main] --- com.autonavi.shanghai.redisdemo.App      [StartupInfoLogger.java:51] : Running with Spring Boot v1.3.0.RELEASE, Spring v4.2.3.RELEASE
2015-11-25 13:47:51.418  INFO 1056 [main] --- com.autonavi.shanghai.redisdemo.App      [SpringApplication.java:653] : No profiles are active
2015-11-25 13:49:23.372  INFO 12192 [main] --- com.autonavi.shanghai.redisdemo.App      [StartupInfoLogger.java:48] : Starting App on ZHAOWENBO-PC with PID 12192 (D:\GitRepository\redis-demo\redis-demo\target\classes started by ouyangchen in D:\GitRepository\redis-demo\redis-demo)
2015-11-25 13:49:23.403 DEBUG 12192 [main] --- com.autonavi.shanghai.redisdemo.App      [StartupInfoLogger.java:51] : Running with Spring Boot v1.3.0.RELEASE, Spring v4.2.3.RELEASE
2015-11-25 13:49:23.404  INFO 12192 [main] --- com.autonavi.shanghai.redisdemo.App      [SpringApplication.java:653] : No profiles are active
2015-11-25 13:51:53.966  INFO 11992 [main] --- com.autonavi.shanghai.redisdemo.App      [StartupInfoLogger.java:48] : Starting App on ZHAOWENBO-PC with PID 11992 (D:\GitRepository\redis-demo\redis-demo\target\classes started by ouyangchen in D:\GitRepository\redis-demo\redis-demo)
2015-11-25 13:51:53.972 DEBUG 11992 [main] --- com.autonavi.shanghai.redisdemo.App      [StartupInfoLogger.java:51] : Running with Spring Boot v1.3.0.RELEASE, Spring v4.2.3.RELEASE
2015-11-25 13:51:53.973  INFO 11992 [main] --- com.autonavi.shanghai.redisdemo.App      [SpringApplication.java:653] : No profiles are active
2015-11-25 13:51:59.936  INFO 11992 [main] --- com.autonavi.shanghai.redisdemo.App      [StartupInfoLogger.java:57] : Started App in 7.168 seconds (JVM running for 8.261)
2015-11-25 16:54:32.699  INFO 16216 [main] --- com.autonavi.shanghai.redisdemo.App      [StartupInfoLogger.java:48] : Starting App on ZHAOWENBO-PC with PID 16216 (D:\GitRepository\redis-demo\redis-demo\target\classes started by ouyangchen in D:\GitRepository\redis-demo\redis-demo)
2015-11-25 16:54:32.723 DEBUG 16216 [main] --- com.autonavi.shanghai.redisdemo.App      [StartupInfoLogger.java:51] : Running with Spring Boot v1.3.0.RELEASE, Spring v4.2.3.RELEASE
2015-11-25 16:54:32.726  INFO 16216 [main] --- com.autonavi.shanghai.redisdemo.App      [SpringApplication.java:653] : No profiles are active
2015-11-25 16:55:28.356  INFO 9504 [main] --- com.autonavi.shanghai.redisdemo.App      [StartupInfoLogger.java:48] : Starting App on ZHAOWENBO-PC with PID 9504 (D:\GitRepository\redis-demo\redis-demo\target\classes started by ouyangchen in D:\GitRepository\redis-demo\redis-demo)
2015-11-25 16:55:28.363 DEBUG 9504 [main] --- com.autonavi.shanghai.redisdemo.App      [StartupInfoLogger.java:51] : Running with Spring Boot v1.3.0.RELEASE, Spring v4.2.3.RELEASE
2015-11-25 16:55:28.365  INFO 9504 [main] --- com.autonavi.shanghai.redisdemo.App      [SpringApplication.java:653] : No profiles are active
2015-11-25 16:55:34.592  INFO 9504 [main] --- com.autonavi.shanghai.redisdemo.App      [StartupInfoLogger.java:57] : Started App in 7.261 seconds (JVM running for 8.17)
2015-11-27 11:40:40.539  INFO 8128 [main] --- c.a.s.r.p.d.impl.JedisDriverImplTest     [StartupInfoLogger.java:48] : Starting JedisDriverImplTest on ZHAOWENBO-PC with PID 8128 (D:\GitRepository\redis-demo\redis-demo\target\test-classes started by ouyangchen in D:\GitRepository\redis-demo\redis-demo)
2015-11-27 11:40:40.566 DEBUG 8128 [main] --- c.a.s.r.p.d.impl.JedisDriverImplTest     [StartupInfoLogger.java:51] : Running with Spring Boot v1.3.0.RELEASE, Spring v4.2.3.RELEASE
2015-11-27 11:40:40.568  INFO 8128 [main] --- c.a.s.r.p.d.impl.JedisDriverImplTest     [SpringApplication.java:653] : No profiles are active
2015-11-27 11:40:55.497  INFO 8128 [main] --- c.a.s.r.p.d.impl.JedisDriverImplTest     [StartupInfoLogger.java:57] : Started JedisDriverImplTest in 21.191 seconds (JVM running for 26.458)
2015-11-27 11:40:55.638 DEBUG 8128 [main] --- c.a.s.r.p.d.impl.JedisDriverImplTest     [JedisDriverImplTest.java:30] : null
2015-11-27 11:43:14.328  INFO 13132 [main] --- c.a.s.r.p.d.impl.JedisDriverImplTest     [StartupInfoLogger.java:48] : Starting JedisDriverImplTest on ZHAOWENBO-PC with PID 13132 (D:\GitRepository\redis-demo\redis-demo\target\test-classes started by ouyangchen in D:\GitRepository\redis-demo\redis-demo)
2015-11-27 11:43:14.331 DEBUG 13132 [main] --- c.a.s.r.p.d.impl.JedisDriverImplTest     [StartupInfoLogger.java:51] : Running with Spring Boot v1.3.0.RELEASE, Spring v4.2.3.RELEASE
2015-11-27 11:43:14.332  INFO 13132 [main] --- c.a.s.r.p.d.impl.JedisDriverImplTest     [SpringApplication.java:653] : No profiles are active
2015-11-27 11:43:19.145  INFO 13132 [main] --- c.a.s.r.p.d.impl.JedisDriverImplTest     [StartupInfoLogger.java:57] : Started JedisDriverImplTest in 6.129 seconds (JVM running for 8.146)
2015-11-27 11:43:19.210 DEBUG 13132 [main] --- c.a.s.r.p.d.impl.JedisDriverImplTest     [JedisDriverImplTest.java:32] : null
2015-11-27 11:43:19.214 DEBUG 13132 [main] --- c.a.s.r.p.d.impl.JedisDriverImplTest     [JedisDriverImplTest.java:34] : null
2015-11-27 11:44:29.825  INFO 14824 [main] --- c.a.s.r.p.d.impl.JedisDriverImplTest     [StartupInfoLogger.java:48] : Starting JedisDriverImplTest on ZHAOWENBO-PC with PID 14824 (D:\GitRepository\redis-demo\redis-demo\target\test-classes started by ouyangchen in D:\GitRepository\redis-demo\redis-demo)
2015-11-27 11:44:29.827 DEBUG 14824 [main] --- c.a.s.r.p.d.impl.JedisDriverImplTest     [StartupInfoLogger.java:51] : Running with Spring Boot v1.3.0.RELEASE, Spring v4.2.3.RELEASE
2015-11-27 11:44:29.828  INFO 14824 [main] --- c.a.s.r.p.d.impl.JedisDriverImplTest     [SpringApplication.java:653] : No profiles are active
2015-11-27 11:44:34.666  INFO 14824 [main] --- c.a.s.r.p.d.impl.JedisDriverImplTest     [StartupInfoLogger.java:57] : Started JedisDriverImplTest in 6.055 seconds (JVM running for 7.554)
2015-11-27 11:44:34.734 DEBUG 14824 [main] --- c.a.s.r.p.d.impl.JedisDriverImplTest     [JedisDriverImplTest.java:32] : null
2015-11-27 11:44:34.735 DEBUG 14824 [main] --- c.a.s.r.p.d.impl.JedisDriverImplTest     [JedisDriverImplTest.java:33] : Jedis:redis.clients.jedis.Jedis@c70fa0
2015-11-27 11:44:34.738 DEBUG 14824 [main] --- c.a.s.r.p.d.impl.JedisDriverImplTest     [JedisDriverImplTest.java:35] : null
2015-11-27 11:44:34.739 DEBUG 14824 [main] --- c.a.s.r.p.d.impl.JedisDriverImplTest     [JedisDriverImplTest.java:36] : Jedis:redis.clients.jedis.Jedis@8af816
2015-11-27 11:50:03.772  INFO 8884 [main] --- c.a.s.r.p.d.impl.JedisDriverImplTest     [StartupInfoLogger.java:48] : Starting JedisDriverImplTest on ZHAOWENBO-PC with PID 8884 (D:\GitRepository\redis-demo\redis-demo\target\test-classes started by ouyangchen in D:\GitRepository\redis-demo\redis-demo)
2015-11-27 11:50:03.776 DEBUG 8884 [main] --- c.a.s.r.p.d.impl.JedisDriverImplTest     [StartupInfoLogger.java:51] : Running with Spring Boot v1.3.0.RELEASE, Spring v4.2.3.RELEASE
2015-11-27 11:50:03.777  INFO 8884 [main] --- c.a.s.r.p.d.impl.JedisDriverImplTest     [SpringApplication.java:653] : No profiles are active
2015-11-27 11:50:08.179  INFO 8884 [main] --- c.a.s.r.p.d.impl.JedisDriverImplTest     [StartupInfoLogger.java:57] : Started JedisDriverImplTest in 5.726 seconds (JVM running for 8.041)
2015-11-27 11:50:08.191 DEBUG 8884 [main] --- c.a.s.r.p.d.impl.JedisDriverImplTest     [JedisDriverImplTest.java:32] : null
2015-11-27 11:50:08.193 DEBUG 8884 [main] --- c.a.s.r.p.d.impl.JedisDriverImplTest     [JedisDriverImplTest.java:33] : Jedis:redis.clients.jedis.Jedis@1d295de
2015-11-27 11:50:08.197 DEBUG 8884 [main] --- c.a.s.r.p.d.impl.JedisDriverImplTest     [JedisDriverImplTest.java:35] : null
2015-11-27 11:50:08.198 DEBUG 8884 [main] --- c.a.s.r.p.d.impl.JedisDriverImplTest     [JedisDriverImplTest.java:36] : Jedis:redis.clients.jedis.Jedis@1d295de
2015-11-27 11:54:56.232  INFO 16296 [main] --- c.a.s.r.p.d.impl.JedisDriverImplTest     [StartupInfoLogger.java:48] : Starting JedisDriverImplTest on ZHAOWENBO-PC with PID 16296 (D:\GitRepository\redis-demo\redis-demo\target\test-classes started by ouyangchen in D:\GitRepository\redis-demo\redis-demo)
2015-11-27 11:54:56.235 DEBUG 16296 [main] --- c.a.s.r.p.d.impl.JedisDriverImplTest     [StartupInfoLogger.java:51] : Running with Spring Boot v1.3.0.RELEASE, Spring v4.2.3.RELEASE
2015-11-27 11:54:56.236  INFO 16296 [main] --- c.a.s.r.p.d.impl.JedisDriverImplTest     [SpringApplication.java:653] : No profiles are active
2015-11-27 11:55:01.097  INFO 16296 [main] --- c.a.s.r.p.d.impl.JedisDriverImplTest     [StartupInfoLogger.java:57] : Started JedisDriverImplTest in 6.136 seconds (JVM running for 8.153)
2015-11-27 11:55:01.113 DEBUG 16296 [main] --- c.a.s.r.p.d.impl.JedisDriverImplTest     [JedisDriverImplTest.java:35] : null
2015-11-27 11:55:01.115 DEBUG 16296 [main] --- c.a.s.r.p.d.impl.JedisDriverImplTest     [JedisDriverImplTest.java:36] : Jedis:redis.clients.jedis.Jedis@ec0246
2015-11-27 11:55:01.116 DEBUG 16296 [main] --- c.a.s.r.p.d.impl.JedisDriverImplTest     [JedisDriverImplTest.java:38] : null
2015-11-27 11:55:01.117 DEBUG 16296 [main] --- c.a.s.r.p.d.impl.JedisDriverImplTest     [JedisDriverImplTest.java:39] : Jedis:redis.clients.jedis.Jedis@ec0246
2015-11-27 11:55:01.118 DEBUG 16296 [main] --- c.a.s.r.p.d.impl.JedisDriverImplTest     [JedisDriverImplTest.java:41] : redis.clients.jedis.Jedis@ec0246
2015-11-27 12:05:34.167  INFO 9836 [main] --- c.a.s.r.p.d.impl.JedisDriverImplTest     [StartupInfoLogger.java:48] : Starting JedisDriverImplTest on ZHAOWENBO-PC with PID 9836 (D:\GitRepository\redis-demo\redis-demo\target\test-classes started by ouyangchen in D:\GitRepository\redis-demo\redis-demo)
2015-11-27 12:05:34.171 DEBUG 9836 [main] --- c.a.s.r.p.d.impl.JedisDriverImplTest     [StartupInfoLogger.java:51] : Running with Spring Boot v1.3.0.RELEASE, Spring v4.2.3.RELEASE
2015-11-27 12:05:34.172  INFO 9836 [main] --- c.a.s.r.p.d.impl.JedisDriverImplTest     [SpringApplication.java:653] : No profiles are active
2015-11-27 12:05:39.899  INFO 9836 [main] --- c.a.s.r.p.d.impl.JedisDriverImplTest     [StartupInfoLogger.java:57] : Started JedisDriverImplTest in 7.063 seconds (JVM running for 8.747)
2015-11-27 12:05:39.929 DEBUG 9836 [main] --- c.a.s.r.p.d.impl.JedisDriverImplTest     [JedisDriverImplTest.java:37] : null
2015-11-27 12:05:39.930 DEBUG 9836 [main] --- c.a.s.r.p.d.impl.JedisDriverImplTest     [JedisDriverImplTest.java:38] : Jedis:redis.clients.jedis.Jedis@1426655
2015-11-27 12:05:39.935 DEBUG 9836 [main] --- c.a.s.r.p.d.impl.JedisDriverImplTest     [JedisDriverImplTest.java:40] : null
2015-11-27 12:05:39.937 DEBUG 9836 [main] --- c.a.s.r.p.d.impl.JedisDriverImplTest     [JedisDriverImplTest.java:41] : Jedis:redis.clients.jedis.Jedis@1426655
2015-11-27 12:05:39.939 DEBUG 9836 [Thread-4] --- c.a.s.r.persist.driver.impl.JedisTest    [JedisTest.java:18] : redis.clients.jedis.Jedis@1426655
2015-11-27 12:05:39.940 DEBUG 9836 [Thread-5] --- c.a.s.r.persist.driver.impl.JedisTest    [JedisTest.java:18] : redis.clients.jedis.Jedis@1426655
2015-11-27 15:30:13.683  INFO 5104 [main] --- com.autonavi.shanghai.redisdemo.App      [StartupInfoLogger.java:48] : Starting App on ZHAOWENBO-PC with PID 5104 (D:\GitRepository\redis-demo\redis-demo\target\classes started by ouyangchen in D:\GitRepository\redis-demo\redis-demo)
2015-11-27 15:30:13.714 DEBUG 5104 [main] --- com.autonavi.shanghai.redisdemo.App      [StartupInfoLogger.java:51] : Running with Spring Boot v1.3.0.RELEASE, Spring v4.2.3.RELEASE
2015-11-27 15:30:13.715  INFO 5104 [main] --- com.autonavi.shanghai.redisdemo.App      [SpringApplication.java:653] : No profiles are active
2015-11-27 15:30:54.750  INFO 5104 [main] --- com.autonavi.shanghai.redisdemo.App      [StartupInfoLogger.java:57] : Started App in 46.731 seconds (JVM running for 51.798)
2015-11-30 11:26:57.235  INFO 14108 [main] --- c.a.s.r.p.d.impl.JedisDriverImplTest     [StartupInfoLogger.java:48] : Starting JedisDriverImplTest on ZHAOWENBO-PC with PID 14108 (D:\GitRepository\redis-demo\redis-demo\target\test-classes started by ouyangchen in D:\GitRepository\redis-demo\redis-demo)
2015-11-30 11:26:57.261 DEBUG 14108 [main] --- c.a.s.r.p.d.impl.JedisDriverImplTest     [StartupInfoLogger.java:51] : Running with Spring Boot v1.3.0.RELEASE, Spring v4.2.3.RELEASE
2015-11-30 11:26:57.262  INFO 14108 [main] --- c.a.s.r.p.d.impl.JedisDriverImplTest     [SpringApplication.java:653] : No profiles are active
2015-11-30 11:27:12.244  INFO 14108 [main] --- c.a.s.r.p.d.impl.JedisDriverImplTest     [StartupInfoLogger.java:57] : Started JedisDriverImplTest in 19.452 seconds (JVM running for 23.177)
2015-11-30 11:27:12.350 DEBUG 14108 [main] --- c.a.s.r.p.d.impl.JedisDriverImplTest     [JedisDriverImplTest.java:33] : redis
2015-11-30 11:27:12.354 DEBUG 14108 [main] --- c.a.s.r.p.d.impl.JedisDriverImplTest     [JedisDriverImplTest.java:35] : redis
2015-11-30 11:30:40.127  INFO 17928 [main] --- c.a.s.r.p.d.impl.JedisDriverImplTest     [StartupInfoLogger.java:48] : Starting JedisDriverImplTest on ZHAOWENBO-PC with PID 17928 (D:\GitRepository\redis-demo\redis-demo\target\test-classes started by ouyangchen in D:\GitRepository\redis-demo\redis-demo)
2015-11-30 11:30:40.131 DEBUG 17928 [main] --- c.a.s.r.p.d.impl.JedisDriverImplTest     [StartupInfoLogger.java:51] : Running with Spring Boot v1.3.0.RELEASE, Spring v4.2.3.RELEASE
2015-11-30 11:30:40.132  INFO 17928 [main] --- c.a.s.r.p.d.impl.JedisDriverImplTest     [SpringApplication.java:653] : No profiles are active
2015-11-30 11:30:44.022  INFO 17928 [main] --- c.a.s.r.p.d.impl.JedisDriverImplTest     [StartupInfoLogger.java:57] : Started JedisDriverImplTest in 5.385 seconds (JVM running for 7.39)
2015-11-30 11:46:20.792  INFO 5360 [main] --- c.a.s.r.p.d.impl.JedisDriverImplTest     [StartupInfoLogger.java:48] : Starting JedisDriverImplTest on ZHAOWENBO-PC with PID 5360 (D:\GitRepository\redis-demo\redis-demo\target\test-classes started by ouyangchen in D:\GitRepository\redis-demo\redis-demo)
2015-11-30 11:46:20.794 DEBUG 5360 [main] --- c.a.s.r.p.d.impl.JedisDriverImplTest     [StartupInfoLogger.java:51] : Running with Spring Boot v1.3.0.RELEASE, Spring v4.2.3.RELEASE
2015-11-30 11:46:20.795  INFO 5360 [main] --- c.a.s.r.p.d.impl.JedisDriverImplTest     [SpringApplication.java:653] : No profiles are active
2015-11-30 11:46:24.684  INFO 5360 [main] --- c.a.s.r.p.d.impl.JedisDriverImplTest     [StartupInfoLogger.java:57] : Started JedisDriverImplTest in 5.001 seconds (JVM running for 6.562)
2015-11-30 12:01:47.268  INFO 14820 [main] --- c.a.s.r.p.d.impl.JedisDriverImplTest     [StartupInfoLogger.java:48] : Starting JedisDriverImplTest on ZHAOWENBO-PC with PID 14820 (D:\GitRepository\redis-demo\redis-demo\target\test-classes started by ouyangchen in D:\GitRepository\redis-demo\redis-demo)
2015-11-30 12:01:47.271 DEBUG 14820 [main] --- c.a.s.r.p.d.impl.JedisDriverImplTest     [StartupInfoLogger.java:51] : Running with Spring Boot v1.3.0.RELEASE, Spring v4.2.3.RELEASE
2015-11-30 12:01:47.272  INFO 14820 [main] --- c.a.s.r.p.d.impl.JedisDriverImplTest     [SpringApplication.java:653] : No profiles are active
2015-11-30 12:01:51.270  INFO 14820 [main] --- c.a.s.r.p.d.impl.JedisDriverImplTest     [StartupInfoLogger.java:57] : Started JedisDriverImplTest in 4.899 seconds (JVM running for 6.265)
2015-11-30 12:11:19.819  INFO 2376 [main] --- c.a.s.r.p.d.impl.JedisDriverImplTest     [StartupInfoLogger.java:48] : Starting JedisDriverImplTest on ZHAOWENBO-PC with PID 2376 (D:\GitRepository\redis-demo\redis-demo\target\test-classes started by ouyangchen in D:\GitRepository\redis-demo\redis-demo)
2015-11-30 12:11:19.821 DEBUG 2376 [main] --- c.a.s.r.p.d.impl.JedisDriverImplTest     [StartupInfoLogger.java:51] : Running with Spring Boot v1.3.0.RELEASE, Spring v4.2.3.RELEASE
2015-11-30 12:11:19.822  INFO 2376 [main] --- c.a.s.r.p.d.impl.JedisDriverImplTest     [SpringApplication.java:653] : No profiles are active
2015-11-30 12:11:23.186  INFO 2376 [main] --- c.a.s.r.p.d.impl.JedisDriverImplTest     [StartupInfoLogger.java:57] : Started JedisDriverImplTest in 4.314 seconds (JVM running for 5.906)
2015-11-30 13:40:11.539  INFO 8996 [main] --- c.a.s.r.p.d.impl.JedisDriverImplTest     [StartupInfoLogger.java:48] : Starting JedisDriverImplTest on ZHAOWENBO-PC with PID 8996 (D:\GitRepository\redis-demo\redis-demo\target\test-classes started by ouyangchen in D:\GitRepository\redis-demo\redis-demo)
2015-11-30 13:40:11.556 DEBUG 8996 [main] --- c.a.s.r.p.d.impl.JedisDriverImplTest     [StartupInfoLogger.java:51] : Running with Spring Boot v1.3.0.RELEASE, Spring v4.2.3.RELEASE
2015-11-30 13:40:11.556  INFO 8996 [main] --- c.a.s.r.p.d.impl.JedisDriverImplTest     [SpringApplication.java:653] : No profiles are active
2015-11-30 13:40:21.716  INFO 8996 [main] --- c.a.s.r.p.d.impl.JedisDriverImplTest     [StartupInfoLogger.java:57] : Started JedisDriverImplTest in 13.705 seconds (JVM running for 15.552)
2015-11-30 13:40:22.777 DEBUG 8996 [main] --- c.a.s.r.p.d.impl.JedisDriverImplTest     [JedisDriverImplTest.java:47] : {"description":"wu","email":"123@ali.com","password":"123","userId":1,"username":"wenwen"}
2015-11-30 13:40:40.710  INFO 2744 [main] --- c.a.s.r.p.d.impl.JedisDriverImplTest     [StartupInfoLogger.java:48] : Starting JedisDriverImplTest on ZHAOWENBO-PC with PID 2744 (D:\GitRepository\redis-demo\redis-demo\target\test-classes started by ouyangchen in D:\GitRepository\redis-demo\redis-demo)
2015-11-30 13:40:40.713 DEBUG 2744 [main] --- c.a.s.r.p.d.impl.JedisDriverImplTest     [StartupInfoLogger.java:51] : Running with Spring Boot v1.3.0.RELEASE, Spring v4.2.3.RELEASE
2015-11-30 13:40:40.714  INFO 2744 [main] --- c.a.s.r.p.d.impl.JedisDriverImplTest     [SpringApplication.java:653] : No profiles are active
2015-11-30 13:40:44.929  INFO 2744 [main] --- c.a.s.r.p.d.impl.JedisDriverImplTest     [StartupInfoLogger.java:57] : Started JedisDriverImplTest in 5.125 seconds (JVM running for 6.412)
2015-11-30 13:40:45.229 DEBUG 2744 [main] --- c.a.s.r.p.d.impl.JedisDriverImplTest     [JedisDriverImplTest.java:47] : {"description":"","email":"yuan@ali.com","password":"123","userId":2,"username":"yuanyuan"}
2015-11-30 16:04:45.961  INFO 8968 [main] --- c.a.s.r.p.d.impl.JedisDriverImplTest     [StartupInfoLogger.java:48] : Starting JedisDriverImplTest on ZHAOWENBO-PC with PID 8968 (D:\GitRepository\redis-demo\redis-demo\target\test-classes started by ouyangchen in D:\GitRepository\redis-demo\redis-demo)
2015-11-30 16:04:46.007 DEBUG 8968 [main] --- c.a.s.r.p.d.impl.JedisDriverImplTest     [StartupInfoLogger.java:51] : Running with Spring Boot v1.3.0.RELEASE, Spring v4.2.3.RELEASE
2015-11-30 16:04:46.009  INFO 8968 [main] --- c.a.s.r.p.d.impl.JedisDriverImplTest     [SpringApplication.java:653] : No profiles are active
2015-11-30 16:04:55.868  INFO 8968 [main] --- c.a.s.r.p.d.impl.JedisDriverImplTest     [StartupInfoLogger.java:57] : Started JedisDriverImplTest in 13.599 seconds (JVM running for 16.261)
2015-11-30 16:04:56.273 DEBUG 8968 [main] --- c.a.s.r.p.d.impl.JedisDriverImplTest     [JedisDriverImplTest.java:49] : {"description":"","email":"yuan@ali.com","password":"123","userId":2,"username":"yuanyuan"}
2015-11-30 16:04:56.312 DEBUG 8968 [main] --- c.a.s.r.p.d.impl.JedisDriverImplTest     [JedisDriverImplTest.java:51] : [{"description":"wu","email":"123@ali.com","password":"123","userId":1,"username":"wenwen"},{"description":"","email":"yuan@ali.com","password":"123","userId":2,"username":"yuanyuan"},{"description":"","email":"yuan@ali.com","password":"123","userId":3,"username":"yuanyuan"},{"description":"","email":"yuan@ali.com","password":"123","userId":4,"username":"yuanyuan"}]
2015-11-30 16:28:46.015  INFO 14048 [main] --- c.a.s.r.p.d.impl.JedisDriverImplTest     [StartupInfoLogger.java:48] : Starting JedisDriverImplTest on ZHAOWENBO-PC with PID 14048 (D:\GitRepository\redis-demo\redis-demo\target\test-classes started by ouyangchen in D:\GitRepository\redis-demo\redis-demo)
2015-11-30 16:28:46.020 DEBUG 14048 [main] --- c.a.s.r.p.d.impl.JedisDriverImplTest     [StartupInfoLogger.java:51] : Running with Spring Boot v1.3.0.RELEASE, Spring v4.2.3.RELEASE
2015-11-30 16:28:46.022  INFO 14048 [main] --- c.a.s.r.p.d.impl.JedisDriverImplTest     [SpringApplication.java:653] : No profiles are active
2015-11-30 16:28:51.441  INFO 14048 [main] --- c.a.s.r.p.d.impl.JedisDriverImplTest     [StartupInfoLogger.java:57] : Started JedisDriverImplTest in 6.853 seconds (JVM running for 8.982)
2015-11-30 16:28:51.536  WARN 14048 [main] --- c.a.s.r.p.mapper.impl.UserMapperImpl     [UserMapperImpl.java:132] : 
java.lang.NullPointerException: null
	at com.autonavi.shanghai.redisdemo.util.MapUtil.bean2Map(MapUtil.java:32) ~[classes/:na]
	at com.autonavi.shanghai.redisdemo.persist.mapper.impl.UserMapperImpl.updateUser(UserMapperImpl.java:130) ~[classes/:na]
	at com.autonavi.shanghai.redisdemo.persist.driver.impl.JedisDriverImplTest.test(JedisDriverImplTest.java:40) [test-classes/:na]
	at sun.reflect.NativeMethodAccessorImpl.invoke0(Native Method) ~[na:1.7.0_45]
	at sun.reflect.NativeMethodAccessorImpl.invoke(Unknown Source) ~[na:1.7.0_45]
	at sun.reflect.DelegatingMethodAccessorImpl.invoke(Unknown Source) ~[na:1.7.0_45]
	at java.lang.reflect.Method.invoke(Unknown Source) ~[na:1.7.0_45]
	at org.junit.runners.model.FrameworkMethod$1.runReflectiveCall(FrameworkMethod.java:50) [junit-4.12.jar:4.12]
	at org.junit.internal.runners.model.ReflectiveCallable.run(ReflectiveCallable.java:12) [junit-4.12.jar:4.12]
	at org.junit.runners.model.FrameworkMethod.invokeExplosively(FrameworkMethod.java:47) [junit-4.12.jar:4.12]
	at org.junit.internal.runners.statements.InvokeMethod.evaluate(InvokeMethod.java:17) [junit-4.12.jar:4.12]
	at org.junit.internal.runners.statements.RunBefores.evaluate(RunBefores.java:26) [junit-4.12.jar:4.12]
	at org.springframework.test.context.junit4.statements.RunBeforeTestMethodCallbacks.evaluate(RunBeforeTestMethodCallbacks.java:75) [spring-test-4.2.3.RELEASE.jar:4.2.3.RELEASE]
	at org.springframework.test.context.junit4.statements.RunAfterTestMethodCallbacks.evaluate(RunAfterTestMethodCallbacks.java:86) [spring-test-4.2.3.RELEASE.jar:4.2.3.RELEASE]
	at org.springframework.test.context.junit4.statements.SpringRepeat.evaluate(SpringRepeat.java:84) [spring-test-4.2.3.RELEASE.jar:4.2.3.RELEASE]
	at org.junit.runners.ParentRunner.runLeaf(ParentRunner.java:325) [junit-4.12.jar:4.12]
	at org.springframework.test.context.junit4.SpringJUnit4ClassRunner.runChild(SpringJUnit4ClassRunner.java:254) [spring-test-4.2.3.RELEASE.jar:4.2.3.RELEASE]
	at org.springframework.test.context.junit4.SpringJUnit4ClassRunner.runChild(SpringJUnit4ClassRunner.java:89) [spring-test-4.2.3.RELEASE.jar:4.2.3.RELEASE]
	at org.junit.runners.ParentRunner$3.run(ParentRunner.java:290) [junit-4.12.jar:4.12]
	at org.junit.runners.ParentRunner$1.schedule(ParentRunner.java:71) [junit-4.12.jar:4.12]
	at org.junit.runners.ParentRunner.runChildren(ParentRunner.java:288) [junit-4.12.jar:4.12]
	at org.junit.runners.ParentRunner.access$000(ParentRunner.java:58) [junit-4.12.jar:4.12]
	at org.junit.runners.ParentRunner$2.evaluate(ParentRunner.java:268) [junit-4.12.jar:4.12]
	at org.springframework.test.context.junit4.statements.RunBeforeTestClassCallbacks.evaluate(RunBeforeTestClassCallbacks.java:61) [spring-test-4.2.3.RELEASE.jar:4.2.3.RELEASE]
	at org.springframework.test.context.junit4.statements.RunAfterTestClassCallbacks.evaluate(RunAfterTestClassCallbacks.java:70) [spring-test-4.2.3.RELEASE.jar:4.2.3.RELEASE]
	at org.junit.runners.ParentRunner.run(ParentRunner.java:363) [junit-4.12.jar:4.12]
	at org.springframework.test.context.junit4.SpringJUnit4ClassRunner.run(SpringJUnit4ClassRunner.java:193) [spring-test-4.2.3.RELEASE.jar:4.2.3.RELEASE]
	at org.eclipse.jdt.internal.junit4.runner.JUnit4TestReference.run(JUnit4TestReference.java:50) [.cp/:na]
	at org.eclipse.jdt.internal.junit.runner.TestExecution.run(TestExecution.java:38) [.cp/:na]
	at org.eclipse.jdt.internal.junit.runner.RemoteTestRunner.runTests(RemoteTestRunner.java:459) [.cp/:na]
	at org.eclipse.jdt.internal.junit.runner.RemoteTestRunner.runTests(RemoteTestRunner.java:675) [.cp/:na]
	at org.eclipse.jdt.internal.junit.runner.RemoteTestRunner.run(RemoteTestRunner.java:382) [.cp/:na]
	at org.eclipse.jdt.internal.junit.runner.RemoteTestRunner.main(RemoteTestRunner.java:192) [.cp/:na]
2015-11-30 16:28:51.919 DEBUG 14048 [main] --- c.a.s.r.p.d.impl.JedisDriverImplTest     [JedisDriverImplTest.java:48] : {"description":"","email":"yuan@ali.com","enabled":false,"password":"123","userId":2,"username":"yuanyuan"}
2015-11-30 16:28:51.951 DEBUG 14048 [main] --- c.a.s.r.p.d.impl.JedisDriverImplTest     [JedisDriverImplTest.java:50] : [{"description":"wu","email":"123@ali.com","enabled":false,"password":"123","userId":1,"username":"wenwen"},{"description":"","email":"yuan@ali.com","enabled":false,"password":"123","userId":2,"username":"yuanyuan"},{"description":"","email":"yuan@ali.com","enabled":false,"password":"123","userId":3,"username":"yuanyuan"},{"description":"","email":"yuan@ali.com","enabled":false,"password":"123","userId":4,"username":"yuanyuan"}]
2015-11-30 16:30:17.621  INFO 18040 [main] --- c.a.s.r.p.d.impl.JedisDriverImplTest     [StartupInfoLogger.java:48] : Starting JedisDriverImplTest on ZHAOWENBO-PC with PID 18040 (D:\GitRepository\redis-demo\redis-demo\target\test-classes started by ouyangchen in D:\GitRepository\redis-demo\redis-demo)
2015-11-30 16:30:17.624 DEBUG 18040 [main] --- c.a.s.r.p.d.impl.JedisDriverImplTest     [StartupInfoLogger.java:51] : Running with Spring Boot v1.3.0.RELEASE, Spring v4.2.3.RELEASE
2015-11-30 16:30:17.625  INFO 18040 [main] --- c.a.s.r.p.d.impl.JedisDriverImplTest     [SpringApplication.java:653] : No profiles are active
2015-11-30 16:30:22.260  INFO 18040 [main] --- c.a.s.r.p.d.impl.JedisDriverImplTest     [StartupInfoLogger.java:57] : Started JedisDriverImplTest in 5.754 seconds (JVM running for 7.392)
2015-11-30 16:30:22.614 DEBUG 18040 [main] --- c.a.s.r.p.d.impl.JedisDriverImplTest     [JedisDriverImplTest.java:48] : {"description":"","email":"yuan@ali.com","enabled":false,"password":"123","userId":2,"username":"yuanyuan"}
2015-11-30 16:30:22.641 DEBUG 18040 [main] --- c.a.s.r.p.d.impl.JedisDriverImplTest     [JedisDriverImplTest.java:50] : [{"description":"wu","email":"123@ali.com","enabled":false,"password":"123","userId":1,"username":"wenwen"},{"description":"","email":"yuan@ali.com","enabled":false,"password":"123","userId":2,"username":"yuanyuan"},{"description":"","email":"yuan@ali.com","enabled":false,"password":"123","userId":3,"username":"yuanyuan"},{"description":"","email":"yuan@ali.com","enabled":false,"password":"123","userId":4,"username":"yuanyuan"}]
2015-11-30 16:35:15.433  INFO 10796 [main] --- c.a.s.r.p.d.impl.JedisDriverImplTest     [StartupInfoLogger.java:48] : Starting JedisDriverImplTest on ZHAOWENBO-PC with PID 10796 (D:\GitRepository\redis-demo\redis-demo\target\test-classes started by ouyangchen in D:\GitRepository\redis-demo\redis-demo)
2015-11-30 16:35:15.441 DEBUG 10796 [main] --- c.a.s.r.p.d.impl.JedisDriverImplTest     [StartupInfoLogger.java:51] : Running with Spring Boot v1.3.0.RELEASE, Spring v4.2.3.RELEASE
2015-11-30 16:35:15.442  INFO 10796 [main] --- c.a.s.r.p.d.impl.JedisDriverImplTest     [SpringApplication.java:653] : No profiles are active
2015-11-30 16:35:19.463  INFO 10796 [main] --- c.a.s.r.p.d.impl.JedisDriverImplTest     [StartupInfoLogger.java:57] : Started JedisDriverImplTest in 5.191 seconds (JVM running for 6.744)
2015-11-30 16:35:19.776 DEBUG 10796 [main] --- c.a.s.r.p.d.impl.JedisDriverImplTest     [JedisDriverImplTest.java:48] : {"description":"","email":"yuan@ali.com","password":"123","userId":2,"username":"yuanyuan"}
2015-11-30 16:35:19.798 DEBUG 10796 [main] --- c.a.s.r.p.d.impl.JedisDriverImplTest     [JedisDriverImplTest.java:50] : [{"description":"wu","email":"123@ali.com","enabled":1,"password":"123","userId":1,"username":"wenwen"},{"description":"","email":"yuan@ali.com","password":"123","userId":2,"username":"yuanyuan"},{"description":"","email":"yuan@ali.com","password":"123","userId":3,"username":"yuanyuan"},{"description":"","email":"yuan@ali.com","password":"123","userId":4,"username":"yuanyuan"}]
2015-11-30 16:49:39.763  INFO 14996 [main] --- c.a.s.r.p.d.impl.JedisDriverImplTest     [StartupInfoLogger.java:48] : Starting JedisDriverImplTest on ZHAOWENBO-PC with PID 14996 (D:\GitRepository\redis-demo\redis-demo\target\test-classes started by ouyangchen in D:\GitRepository\redis-demo\redis-demo)
2015-11-30 16:49:39.780 DEBUG 14996 [main] --- c.a.s.r.p.d.impl.JedisDriverImplTest     [StartupInfoLogger.java:51] : Running with Spring Boot v1.3.0.RELEASE, Spring v4.2.3.RELEASE
2015-11-30 16:49:39.782  INFO 14996 [main] --- c.a.s.r.p.d.impl.JedisDriverImplTest     [SpringApplication.java:653] : No profiles are active
2015-11-30 16:49:50.489  INFO 14996 [main] --- c.a.s.r.p.d.impl.JedisDriverImplTest     [StartupInfoLogger.java:57] : Started JedisDriverImplTest in 14.514 seconds (JVM running for 17.214)
2015-11-30 16:49:51.057 DEBUG 14996 [main] --- c.a.s.r.p.d.impl.JedisDriverImplTest     [JedisDriverImplTest.java:48] : {}
2015-11-30 16:49:51.115 DEBUG 14996 [main] --- c.a.s.r.p.d.impl.JedisDriverImplTest     [JedisDriverImplTest.java:50] : [{"description":"wu","email":"123@ali.com","enabled":1,"password":"123","userId":1,"username":"wenwen"},{"description":"","email":"yuan@ali.com","password":"123","userId":2,"username":"yuanyuan"},{"description":"","email":"yuan@ali.com","password":"123","userId":3,"username":"yuanyuan"},{"description":"","email":"yuan@ali.com","password":"123","userId":4,"username":"yuanyuan"}]
2015-11-30 17:29:39.297  INFO 14352 [main] --- com.autonavi.shanghai.redisdemo.App      [StartupInfoLogger.java:48] : Starting App on ZHAOWENBO-PC with PID 14352 (D:\GitRepository\redis-demo\redis-demo\target\classes started by ouyangchen in D:\GitRepository\redis-demo\redis-demo)
2015-11-30 17:29:39.319 DEBUG 14352 [main] --- com.autonavi.shanghai.redisdemo.App      [StartupInfoLogger.java:51] : Running with Spring Boot v1.3.0.RELEASE, Spring v4.2.3.RELEASE
2015-11-30 17:29:39.320  INFO 14352 [main] --- com.autonavi.shanghai.redisdemo.App      [SpringApplication.java:653] : No profiles are active
2015-11-30 17:29:54.605  INFO 14352 [main] --- com.autonavi.shanghai.redisdemo.App      [StartupInfoLogger.java:57] : Started App in 16.5 seconds (JVM running for 17.732)
2015-11-30 17:35:17.774  INFO 12996 [main] --- com.autonavi.shanghai.redisdemo.App      [StartupInfoLogger.java:48] : Starting App on ZHAOWENBO-PC with PID 12996 (D:\GitRepository\redis-demo\redis-demo\target\classes started by ouyangchen in D:\GitRepository\redis-demo\redis-demo)
2015-11-30 17:35:17.794 DEBUG 12996 [main] --- com.autonavi.shanghai.redisdemo.App      [StartupInfoLogger.java:51] : Running with Spring Boot v1.3.0.RELEASE, Spring v4.2.3.RELEASE
2015-11-30 17:35:17.795  INFO 12996 [main] --- com.autonavi.shanghai.redisdemo.App      [SpringApplication.java:653] : No profiles are active
2015-11-30 17:35:24.830  INFO 12996 [main] --- com.autonavi.shanghai.redisdemo.App      [StartupInfoLogger.java:57] : Started App in 8.26 seconds (JVM running for 9.166)
2015-12-02 15:24:24.472  INFO 14976 [main] --- com.autonavi.shanghai.redisdemo.App      [StartupInfoLogger.java:48] : Starting App on ZHAOWENBO-PC with PID 14976 (D:\GitRepository\redis-demo\redis-demo\target\classes started by ouyangchen in D:\GitRepository\redis-demo\redis-demo)
2015-12-02 15:24:24.526 DEBUG 14976 [main] --- com.autonavi.shanghai.redisdemo.App      [StartupInfoLogger.java:51] : Running with Spring Boot v1.3.0.RELEASE, Spring v4.2.3.RELEASE
2015-12-02 15:24:24.527  INFO 14976 [main] --- com.autonavi.shanghai.redisdemo.App      [SpringApplication.java:653] : No profiles are active
2015-12-02 15:24:49.563  INFO 14976 [main] --- com.autonavi.shanghai.redisdemo.App      [StartupInfoLogger.java:57] : Started App in 30.119 seconds (JVM running for 38.024)
2015-12-02 17:24:53.342  INFO 12436 [main] --- com.autonavi.shanghai.redisdemo.App      [StartupInfoLogger.java:48] : Starting App on ZHAOWENBO-PC with PID 12436 (D:\GitRepository\redis-demo\redis-demo\target\classes started by ouyangchen in D:\GitRepository\redis-demo\redis-demo)
2015-12-02 17:24:53.377 DEBUG 12436 [main] --- com.autonavi.shanghai.redisdemo.App      [StartupInfoLogger.java:51] : Running with Spring Boot v1.3.0.RELEASE, Spring v4.2.3.RELEASE
2015-12-02 17:24:53.378  INFO 12436 [main] --- com.autonavi.shanghai.redisdemo.App      [SpringApplication.java:653] : No profiles are active
2015-12-02 17:25:33.798  INFO 14616 [main] --- com.autonavi.shanghai.redisdemo.App      [StartupInfoLogger.java:48] : Starting App on ZHAOWENBO-PC with PID 14616 (D:\GitRepository\redis-demo\redis-demo\target\classes started by ouyangchen in D:\GitRepository\redis-demo\redis-demo)
2015-12-02 17:25:33.806 DEBUG 14616 [main] --- com.autonavi.shanghai.redisdemo.App      [StartupInfoLogger.java:51] : Running with Spring Boot v1.3.0.RELEASE, Spring v4.2.3.RELEASE
2015-12-02 17:25:33.807  INFO 14616 [main] --- com.autonavi.shanghai.redisdemo.App      [SpringApplication.java:653] : No profiles are active
2015-12-02 17:26:33.767  INFO 16860 [main] --- com.autonavi.shanghai.redisdemo.App      [StartupInfoLogger.java:48] : Starting App on ZHAOWENBO-PC with PID 16860 (D:\GitRepository\redis-demo\redis-demo\target\classes started by ouyangchen in D:\GitRepository\redis-demo\redis-demo)
2015-12-02 17:26:33.778 DEBUG 16860 [main] --- com.autonavi.shanghai.redisdemo.App      [StartupInfoLogger.java:51] : Running with Spring Boot v1.3.0.RELEASE, Spring v4.2.3.RELEASE
2015-12-02 17:26:33.779  INFO 16860 [main] --- com.autonavi.shanghai.redisdemo.App      [SpringApplication.java:653] : No profiles are active
2015-12-02 17:27:50.649  INFO 11076 [main] --- com.autonavi.shanghai.redisdemo.App      [StartupInfoLogger.java:48] : Starting App on ZHAOWENBO-PC with PID 11076 (D:\GitRepository\redis-demo\redis-demo\target\classes started by ouyangchen in D:\GitRepository\redis-demo\redis-demo)
2015-12-02 17:27:50.670 DEBUG 11076 [main] --- com.autonavi.shanghai.redisdemo.App      [StartupInfoLogger.java:51] : Running with Spring Boot v1.3.0.RELEASE, Spring v4.2.3.RELEASE
2015-12-02 17:27:50.671  INFO 11076 [main] --- com.autonavi.shanghai.redisdemo.App      [SpringApplication.java:653] : No profiles are active
2015-12-02 17:29:58.970  INFO 18408 [main] --- com.autonavi.shanghai.redisdemo.App      [StartupInfoLogger.java:48] : Starting App on ZHAOWENBO-PC with PID 18408 (D:\GitRepository\redis-demo\redis-demo\target\classes started by ouyangchen in D:\GitRepository\redis-demo\redis-demo)
2015-12-02 17:29:58.979 DEBUG 18408 [main] --- com.autonavi.shanghai.redisdemo.App      [StartupInfoLogger.java:51] : Running with Spring Boot v1.3.0.RELEASE, Spring v4.2.3.RELEASE
2015-12-02 17:29:58.980  INFO 18408 [main] --- com.autonavi.shanghai.redisdemo.App      [SpringApplication.java:653] : No profiles are active
2015-12-02 17:30:05.343  INFO 18408 [main] --- com.autonavi.shanghai.redisdemo.App      [StartupInfoLogger.java:57] : Started App in 7.582 seconds (JVM running for 8.464)
